<?xml version="1.0" encoding="UTF-8"?>
<!-- Generated by org.testng.reporters.JUnitReportReporter -->
<testsuite hostname="DESKTOP-KLPV5EC" failures="0" tests="4" name="testCase.LoginPageTest" time="11.031" errors="0" timestamp="2025-01-15T07:56:47 IST" skipped="0">
  <testcase classname="testCase.LoginPageTest" name="loginWithInvalidCredentials" time="2.360"/>
  <testcase classname="testCase.LoginPageTest" name="loginWithInvalidCredentials" time="2.329"/>
  <testcase classname="testCase.LoginPageTest" name="loginWithValidCredential" time="3.134"/>
  <testcase classname="testCase.LoginPageTest" name="loginWithInvalidCredentials" time="3.208"/>
</testsuite> <!-- testCase.LoginPageTest -->
